<?xml version="1.0" encoding="UTF-8"?>
<Site BuildName="(empty)"
	BuildStamp="20230921-1120-Experimental"
	Name="LAPTOP-T3Q5P887"
	Generator="ctest-3.16.3"
	CompilerName="/usr/bin/g++"
	CompilerVersion="9.4.0"
	OSName="Linux"
	Hostname="LAPTOP-T3Q5P887"
	OSRelease="5.15.90.1-microsoft-standard-WSL2"
	OSVersion="#1 SMP Fri Jan 27 02:56:13 UTC 2023"
	OSPlatform="x86_64"
	Is64Bits="1"
	VendorString="AuthenticAMD"
	VendorID="Advanced Micro Devices"
	FamilyID="23"
	ModelID="24"
	ProcessorCacheSize="512"
	NumberOfLogicalCPU="8"
	NumberOfPhysicalCPU="4"
	TotalVirtualMemory="2048"
	TotalPhysicalMemory="6909"
	LogicalProcessorsPerPhysical="2"
	ProcessorClockFrequency="2096.05"
	>
	<Testing>
		<StartDateTime>Sep 21 18:20 +07</StartDateTime>
		<StartTestTime>1695295229</StartTestTime>
		<TestList/>
		<EndDateTime>Sep 21 18:20 +07</EndDateTime>
		<EndTestTime>1695295229</EndTestTime>
		<ElapsedMinutes>0</ElapsedMinutes>
	</Testing>
</Site>
